2019-09-23T19:23:51.489800+09:00 0 [Warning] [MY-011070] [Server] 'Disabling symbolic links using --skip-symbolic-links (or equivalent) is the default. Consider not using this option as it' is deprecated and will be removed in a future release.
2019-09-23T19:23:51.489884+09:00 0 [System] [MY-010116] [Server] /usr/sbin/mysqld (mysqld 8.0.17) starting as process 1
2019-09-23T19:23:51.961255+09:00 0 [Warning] [MY-010068] [Server] CA certificate ca.pem is self signed.
2019-09-23T19:23:51.964109+09:00 0 [Warning] [MY-011810] [Server] Insecure configuration for --pid-file: Location '/var/run/mysqld' in the path is accessible to all OS users. Consider choosing a different directory.
2019-09-23T19:23:51.975401+09:00 0 [System] [MY-010931] [Server] /usr/sbin/mysqld: ready for connections. Version: '8.0.17'  socket: '/var/run/mysqld/mysqld.sock'  port: 3306  MySQL Community Server - GPL.
2019-09-23T19:23:52.051375+09:00 0 [System] [MY-011323] [Server] X Plugin ready for connections. Socket: '/var/run/mysqld/mysqlx.sock' bind-address: '::' port: 33060
2019-09-23T19:27:18.123888+09:00 0 [System] [MY-010910] [Server] /usr/sbin/mysqld: Shutdown complete (mysqld 8.0.17)  MySQL Community Server - GPL.
2019-09-23T19:27:34.941595+09:00 0 [Warning] [MY-011070] [Server] 'Disabling symbolic links using --skip-symbolic-links (or equivalent) is the default. Consider not using this option as it' is deprecated and will be removed in a future release.
2019-09-23T19:27:34.941680+09:00 0 [System] [MY-010116] [Server] /usr/sbin/mysqld (mysqld 8.0.17) starting as process 1
2019-09-23T19:27:35.407898+09:00 0 [Warning] [MY-010068] [Server] CA certificate ca.pem is self signed.
2019-09-23T19:27:35.412565+09:00 0 [Warning] [MY-011810] [Server] Insecure configuration for --pid-file: Location '/var/run/mysqld' in the path is accessible to all OS users. Consider choosing a different directory.
2019-09-23T19:27:35.427787+09:00 0 [System] [MY-010931] [Server] /usr/sbin/mysqld: ready for connections. Version: '8.0.17'  socket: '/var/run/mysqld/mysqld.sock'  port: 3306  MySQL Community Server - GPL.
2019-09-23T19:27:35.607569+09:00 0 [System] [MY-011323] [Server] X Plugin ready for connections. Socket: '/var/run/mysqld/mysqlx.sock' bind-address: '::' port: 33060
2019-09-23T19:27:48.522881+09:00 0 [System] [MY-010910] [Server] /usr/sbin/mysqld: Shutdown complete (mysqld 8.0.17)  MySQL Community Server - GPL.
2019-09-23T19:28:03.346246+09:00 0 [Warning] [MY-011070] [Server] 'Disabling symbolic links using --skip-symbolic-links (or equivalent) is the default. Consider not using this option as it' is deprecated and will be removed in a future release.
2019-09-23T19:28:03.346330+09:00 0 [System] [MY-010116] [Server] /usr/sbin/mysqld (mysqld 8.0.17) starting as process 1
2019-09-23T19:28:03.901572+09:00 0 [Warning] [MY-010068] [Server] CA certificate ca.pem is self signed.
2019-09-23T19:28:03.904346+09:00 0 [Warning] [MY-011810] [Server] Insecure configuration for --pid-file: Location '/var/run/mysqld' in the path is accessible to all OS users. Consider choosing a different directory.
2019-09-23T19:28:03.917322+09:00 0 [System] [MY-010931] [Server] /usr/sbin/mysqld: ready for connections. Version: '8.0.17'  socket: '/var/run/mysqld/mysqld.sock'  port: 3306  MySQL Community Server - GPL.
2019-09-23T19:28:04.031091+09:00 0 [System] [MY-011323] [Server] X Plugin ready for connections. Socket: '/var/run/mysqld/mysqlx.sock' bind-address: '::' port: 33060
2019-09-23T19:28:35.971553+09:00 0 [System] [MY-010910] [Server] /usr/sbin/mysqld: Shutdown complete (mysqld 8.0.17)  MySQL Community Server - GPL.
